2024-09-22 14:28:56,390 : WARN  : Worker-1: Downloading statistics for node recommendations. :  : NodeRecommendationUpdater :  :  : Could not update node recommendations statistics.
java.net.SocketTimeoutException: Read timed out
	at java.base/sun.nio.ch.NioSocketImpl.timedRead(Unknown Source)
	at java.base/sun.nio.ch.NioSocketImpl.implRead(Unknown Source)
	at java.base/sun.nio.ch.NioSocketImpl.read(Unknown Source)
	at java.base/sun.nio.ch.NioSocketImpl$1.read(Unknown Source)
	at java.base/java.net.Socket$SocketInputStream.read(Unknown Source)
	at java.base/sun.security.ssl.SSLSocketInputRecord.read(Unknown Source)
	at java.base/sun.security.ssl.SSLSocketInputRecord.readFully(Unknown Source)
	at java.base/sun.security.ssl.SSLSocketInputRecord.decodeInputRecord(Unknown Source)
	at java.base/sun.security.ssl.SSLSocketInputRecord.decode(Unknown Source)
	at java.base/sun.security.ssl.SSLTransport.decode(Unknown Source)
	at java.base/sun.security.ssl.SSLSocketImpl.decode(Unknown Source)
	at java.base/sun.security.ssl.SSLSocketImpl.readApplicationRecord(Unknown Source)
	at java.base/sun.security.ssl.SSLSocketImpl$AppInputStream.read(Unknown Source)
	at java.base/java.io.BufferedInputStream.read1(Unknown Source)
	at java.base/java.io.BufferedInputStream.read(Unknown Source)
	at java.base/sun.net.www.MeteredStream.read(Unknown Source)
	at java.base/java.io.FilterInputStream.read(Unknown Source)
	at java.base/sun.net.www.protocol.http.HttpURLConnection$HttpInputStream.read(Unknown Source)
	at java.base/java.io.InputStream.transferTo(Unknown Source)
	at java.base/java.nio.file.Files.copy(Unknown Source)
	at org.knime.workbench.workflowcoach.data.AbstractFileDownloadTripleProvider.update(AbstractFileDownloadTripleProvider.java:155)
	at org.knime.workbench.workflowcoach.data.CommunityTripleProvider.update(CommunityTripleProvider.java:111)
	at org.knime.workbench.workflowcoach.prefs.UpdateJob.run(UpdateJob.java:132)
	at org.eclipse.core.internal.jobs.Worker.run(Worker.java:63)
2024-09-22 14:35:30,435 : WARN  : comm-pool-thread-2 :  : Node : Excel Reader : 3:1 : Please specify a file
2024-09-22 14:42:59,146 : WARN  : main :  : Node : Excel Reader : 3:1 : The node configuration changed and the table spec will be recalculated during execution.
2024-09-22 14:43:01,842 : WARN  : main :  : Node : Excel Reader : 3:1 : The node configuration changed and the table spec will be recalculated during execution.
2024-09-22 14:43:03,841 : WARN  : main :  : Node : Excel Reader : 3:1 : The node configuration changed and the table spec will be recalculated during execution.
2024-09-22 14:44:21,980 : WARN  : main :  : Node : Excel Reader : 3:1 : The node configuration changed and the table spec will be recalculated during execution.
2024-09-22 14:44:23,938 : WARN  : main :  : Node : Excel Reader : 3:1 : The node configuration changed and the table spec will be recalculated during execution.
2024-09-22 14:44:30,567 : WARN  : comm-pool-thread-5 :  : Node : Column Splitter : 3:4 : No settings available, passing all columns to top output port.
2024-09-22 14:44:30,571 : WARN  : comm-pool-thread-5 :  : Node : Column Splitter : 3:4 : All columns in top partition.
2024-09-22 14:58:47,752 : ERROR : ForkJoinPool.commonPool-worker-2 :  : WelcomeAPEndpoint :  :  : Calling welcome page endpoint failed
javax.net.ssl.SSLHandshakeException: PKIX path building failed: sun.security.provider.certpath.SunCertPathBuilderException: unable to find valid certification path to requested target
	at java.base/sun.security.ssl.Alert.createSSLException(Unknown Source)
	at java.base/sun.security.ssl.TransportContext.fatal(Unknown Source)
	at java.base/sun.security.ssl.TransportContext.fatal(Unknown Source)
	at java.base/sun.security.ssl.TransportContext.fatal(Unknown Source)
	at java.base/sun.security.ssl.CertificateMessage$T13CertificateConsumer.checkServerCerts(Unknown Source)
	at java.base/sun.security.ssl.CertificateMessage$T13CertificateConsumer.onConsumeCertificate(Unknown Source)
	at java.base/sun.security.ssl.CertificateMessage$T13CertificateConsumer.consume(Unknown Source)
	at java.base/sun.security.ssl.SSLHandshake.consume(Unknown Source)
	at java.base/sun.security.ssl.HandshakeContext.dispatch(Unknown Source)
	at java.base/sun.security.ssl.HandshakeContext.dispatch(Unknown Source)
	at java.base/sun.security.ssl.TransportContext.dispatch(Unknown Source)
	at java.base/sun.security.ssl.SSLTransport.decode(Unknown Source)
	at java.base/sun.security.ssl.SSLSocketImpl.decode(Unknown Source)
	at java.base/sun.security.ssl.SSLSocketImpl.readHandshakeRecord(Unknown Source)
	at java.base/sun.security.ssl.SSLSocketImpl.startHandshake(Unknown Source)
	at java.base/sun.security.ssl.SSLSocketImpl.startHandshake(Unknown Source)
	at java.base/sun.net.www.protocol.https.HttpsClient.afterConnect(Unknown Source)
	at java.base/sun.net.www.protocol.https.AbstractDelegateHttpsURLConnection.connect(Unknown Source)
	at java.base/sun.net.www.protocol.https.HttpsURLConnectionImpl.connect(Unknown Source)
	at org.knime.product.rcp.intro.WelcomeAPEndpoint.request(WelcomeAPEndpoint.java:107)
	at org.knime.product.rcp.intro.WelcomeAPEndpoint.lambda$0(WelcomeAPEndpoint.java:68)
	at java.base/java.util.concurrent.CompletableFuture$AsyncSupply.run(Unknown Source)
	at java.base/java.util.concurrent.CompletableFuture$AsyncSupply.exec(Unknown Source)
	at java.base/java.util.concurrent.ForkJoinTask.doExec(Unknown Source)
	at java.base/java.util.concurrent.ForkJoinPool$WorkQueue.topLevelExec(Unknown Source)
	at java.base/java.util.concurrent.ForkJoinPool.scan(Unknown Source)
	at java.base/java.util.concurrent.ForkJoinPool.runWorker(Unknown Source)
	at java.base/java.util.concurrent.ForkJoinWorkerThread.run(Unknown Source)
Caused by: sun.security.validator.ValidatorException: PKIX path building failed: sun.security.provider.certpath.SunCertPathBuilderException: unable to find valid certification path to requested target
	at java.base/sun.security.validator.PKIXValidator.doBuild(Unknown Source)
	at java.base/sun.security.validator.PKIXValidator.engineValidate(Unknown Source)
	at java.base/sun.security.validator.Validator.validate(Unknown Source)
	at java.base/sun.security.ssl.X509TrustManagerImpl.checkTrusted(Unknown Source)
	at java.base/sun.security.ssl.X509TrustManagerImpl.checkServerTrusted(Unknown Source)
	... 24 more
Caused by: sun.security.provider.certpath.SunCertPathBuilderException: unable to find valid certification path to requested target
	at java.base/sun.security.provider.certpath.SunCertPathBuilder.build(Unknown Source)
	at java.base/sun.security.provider.certpath.SunCertPathBuilder.engineBuild(Unknown Source)
	at java.base/java.security.cert.CertPathBuilder.build(Unknown Source)
	... 29 more
2024-09-22 14:59:02,945 : WARN  : Worker-2: Downloading statistics for node recommendations. :  : NodeRecommendationUpdater :  :  : Could not update node recommendations statistics.
jakarta.ws.rs.ProcessingException: javax.net.ssl.SSLHandshakeException: SSLHandshakeException invoking https://update.knime.com/community_recommendations_5.2.json: PKIX path building failed: sun.security.provider.certpath.SunCertPathBuilderException: unable to find valid certification path to requested target
	at org.apache.cxf.jaxrs.client.AbstractClient.checkClientException(AbstractClient.java:645)
	at org.apache.cxf.jaxrs.client.AbstractClient.preProcessResult(AbstractClient.java:619)
	at org.apache.cxf.jaxrs.client.WebClient.doResponse(WebClient.java:1149)
	at org.apache.cxf.jaxrs.client.WebClient.doChainedInvocation(WebClient.java:1086)
	at org.apache.cxf.jaxrs.client.WebClient.doInvoke(WebClient.java:931)
	at org.apache.cxf.jaxrs.client.WebClient.doInvoke(WebClient.java:900)
	at org.apache.cxf.jaxrs.client.WebClient.invoke(WebClient.java:460)
	at org.apache.cxf.jaxrs.client.SyncInvokerImpl.method(SyncInvokerImpl.java:135)
	at org.apache.cxf.jaxrs.client.SyncInvokerImpl.method(SyncInvokerImpl.java:130)
	at org.apache.cxf.jaxrs.client.SyncInvokerImpl.get(SyncInvokerImpl.java:50)
	at org.apache.cxf.jaxrs.client.spec.InvocationBuilderImpl.get(InvocationBuilderImpl.java:87)
	at org.knime.workbench.workflowcoach.data.AbstractFileDownloadTripleProvider.update(AbstractFileDownloadTripleProvider.java:142)
	at org.knime.workbench.workflowcoach.data.CommunityTripleProvider.update(CommunityTripleProvider.java:111)
	at org.knime.workbench.workflowcoach.prefs.UpdateJob.run(UpdateJob.java:132)
	at org.eclipse.core.internal.jobs.Worker.run(Worker.java:63)
Caused by: javax.net.ssl.SSLHandshakeException: SSLHandshakeException invoking https://update.knime.com/community_recommendations_5.2.json: PKIX path building failed: sun.security.provider.certpath.SunCertPathBuilderException: unable to find valid certification path to requested target
	at java.base/jdk.internal.reflect.NativeConstructorAccessorImpl.newInstance0(Native Method)
	at java.base/jdk.internal.reflect.NativeConstructorAccessorImpl.newInstance(Unknown Source)
	at java.base/jdk.internal.reflect.DelegatingConstructorAccessorImpl.newInstance(Unknown Source)
	at java.base/java.lang.reflect.Constructor.newInstanceWithCaller(Unknown Source)
	at java.base/java.lang.reflect.Constructor.newInstance(Unknown Source)
	at org.apache.cxf.transport.http.HTTPConduit$WrappedOutputStream.mapException(HTTPConduit.java:1452)
	at org.apache.cxf.transport.http.HTTPConduit$WrappedOutputStream.close(HTTPConduit.java:1433)
	at org.apache.cxf.io.AbstractWrappedOutputStream.close(AbstractWrappedOutputStream.java:77)
	at org.apache.cxf.transport.AbstractConduit.close(AbstractConduit.java:56)
	at org.apache.cxf.transport.http.HTTPConduit.close(HTTPConduit.java:717)
	at org.apache.cxf.transport.http.HttpClientHTTPConduit.close(HttpClientHTTPConduit.java:115)
	at org.apache.cxf.interceptor.MessageSenderInterceptor$MessageSenderEndingInterceptor.handleMessage(MessageSenderInterceptor.java:63)
	at org.apache.cxf.phase.PhaseInterceptorChain.doIntercept(PhaseInterceptorChain.java:307)
	at org.apache.cxf.jaxrs.client.AbstractClient.doRunInterceptorChain(AbstractClient.java:717)
	at org.apache.cxf.jaxrs.client.WebClient.doChainedInvocation(WebClient.java:1085)
	... 11 more
Caused by: javax.net.ssl.SSLHandshakeException: PKIX path building failed: sun.security.provider.certpath.SunCertPathBuilderException: unable to find valid certification path to requested target
	at java.base/jdk.internal.reflect.NativeConstructorAccessorImpl.newInstance0(Native Method)
	at java.base/jdk.internal.reflect.NativeConstructorAccessorImpl.newInstance(Unknown Source)
	at java.base/jdk.internal.reflect.DelegatingConstructorAccessorImpl.newInstance(Unknown Source)
	at java.base/java.lang.reflect.Constructor.newInstanceWithCaller(Unknown Source)
	at java.base/java.lang.reflect.Constructor.newInstance(Unknown Source)
	at java.base/sun.net.www.protocol.http.HttpURLConnection$10.run(Unknown Source)
	at java.base/sun.net.www.protocol.http.HttpURLConnection$10.run(Unknown Source)
	at java.base/java.security.AccessController.doPrivileged(Unknown Source)
	at java.base/sun.net.www.protocol.http.HttpURLConnection.getChainedException(Unknown Source)
	at java.base/sun.net.www.protocol.http.HttpURLConnection.getInputStream0(Unknown Source)
	at java.base/sun.net.www.protocol.http.HttpURLConnection.getInputStream(Unknown Source)
	at java.base/java.net.HttpURLConnection.getResponseCode(Unknown Source)
	at java.base/sun.net.www.protocol.https.HttpsURLConnectionImpl.getResponseCode(Unknown Source)
	at org.apache.cxf.transport.http.URLConnectionHTTPConduit$URLConnectionWrappedOutputStream$2.run(URLConnectionHTTPConduit.java:370)
	at org.apache.cxf.transport.http.URLConnectionHTTPConduit$URLConnectionWrappedOutputStream$2.run(URLConnectionHTTPConduit.java:366)
	at java.base/java.security.AccessController.doPrivileged(Unknown Source)
	at org.apache.cxf.transport.http.URLConnectionHTTPConduit$URLConnectionWrappedOutputStream.getResponseCode(URLConnectionHTTPConduit.java:366)
	at org.apache.cxf.transport.http.HTTPConduit$WrappedOutputStream.processRetransmit(HTTPConduit.java:1503)
	at org.apache.cxf.transport.http.HTTPConduit$WrappedOutputStream.handleRetransmits(HTTPConduit.java:1490)
	at org.apache.cxf.transport.http.HTTPConduit$WrappedOutputStream.handleResponse(HTTPConduit.java:1621)
	at org.apache.cxf.transport.http.HTTPConduit$WrappedOutputStream.close(HTTPConduit.java:1420)
	... 19 more
Caused by: javax.net.ssl.SSLHandshakeException: PKIX path building failed: sun.security.provider.certpath.SunCertPathBuilderException: unable to find valid certification path to requested target
	at java.base/sun.security.ssl.Alert.createSSLException(Unknown Source)
	at java.base/sun.security.ssl.TransportContext.fatal(Unknown Source)
	at java.base/sun.security.ssl.TransportContext.fatal(Unknown Source)
	at java.base/sun.security.ssl.TransportContext.fatal(Unknown Source)
	at java.base/sun.security.ssl.CertificateMessage$T13CertificateConsumer.checkServerCerts(Unknown Source)
	at java.base/sun.security.ssl.CertificateMessage$T13CertificateConsumer.onConsumeCertificate(Unknown Source)
	at java.base/sun.security.ssl.CertificateMessage$T13CertificateConsumer.consume(Unknown Source)
	at java.base/sun.security.ssl.SSLHandshake.consume(Unknown Source)
	at java.base/sun.security.ssl.HandshakeContext.dispatch(Unknown Source)
	at java.base/sun.security.ssl.HandshakeContext.dispatch(Unknown Source)
	at java.base/sun.security.ssl.TransportContext.dispatch(Unknown Source)
	at java.base/sun.security.ssl.SSLTransport.decode(Unknown Source)
	at java.base/sun.security.ssl.SSLSocketImpl.decode(Unknown Source)
	at java.base/sun.security.ssl.SSLSocketImpl.readHandshakeRecord(Unknown Source)
	at java.base/sun.security.ssl.SSLSocketImpl.startHandshake(Unknown Source)
	at java.base/sun.security.ssl.SSLSocketImpl.startHandshake(Unknown Source)
	at java.base/sun.net.www.protocol.https.HttpsClient.afterConnect(Unknown Source)
	at java.base/sun.net.www.protocol.https.AbstractDelegateHttpsURLConnection.connect(Unknown Source)
	at java.base/sun.net.www.protocol.http.HttpURLConnection.getInputStream0(Unknown Source)
	at java.base/sun.net.www.protocol.http.HttpURLConnection.getInputStream(Unknown Source)
	at java.base/sun.net.www.protocol.http.HttpURLConnection.getHeaderFields(Unknown Source)
	at java.base/sun.net.www.protocol.https.HttpsURLConnectionImpl.getHeaderFields(Unknown Source)
	at org.apache.cxf.transport.http.Headers.readFromConnection(Headers.java:280)
	at org.apache.cxf.transport.http.URLConnectionHTTPConduit$URLConnectionWrappedOutputStream.updateCookiesBeforeRetransmit(URLConnectionHTTPConduit.java:330)
	at org.apache.cxf.transport.http.HTTPConduit$WrappedOutputStream.handleRetransmits(HTTPConduit.java:1488)
	... 21 more
Caused by: sun.security.validator.ValidatorException: PKIX path building failed: sun.security.provider.certpath.SunCertPathBuilderException: unable to find valid certification path to requested target
	at java.base/sun.security.validator.PKIXValidator.doBuild(Unknown Source)
	at java.base/sun.security.validator.PKIXValidator.engineValidate(Unknown Source)
	at java.base/sun.security.validator.Validator.validate(Unknown Source)
	at java.base/sun.security.ssl.X509TrustManagerImpl.checkTrusted(Unknown Source)
	at java.base/sun.security.ssl.X509TrustManagerImpl.checkServerTrusted(Unknown Source)
	at org.knime.core.util.KNIMEX509TrustManager.checkServerTrusted(KNIMEX509TrustManager.java:109)
	... 42 more
Caused by: sun.security.provider.certpath.SunCertPathBuilderException: unable to find valid certification path to requested target
	at java.base/sun.security.provider.certpath.SunCertPathBuilder.build(Unknown Source)
	at java.base/sun.security.provider.certpath.SunCertPathBuilder.engineBuild(Unknown Source)
	at java.base/java.security.cert.CertPathBuilder.build(Unknown Source)
	... 48 more
2024-09-22 14:59:12,789 : WARN  : Worker-2: Downloading statistics for node recommendations. :  : NodeRecommendationUpdater :  :  : Could not update node recommendations statistics.
jakarta.ws.rs.ProcessingException: javax.net.ssl.SSLHandshakeException: SSLHandshakeException invoking https://update.knime.com/community_recommendations_5.2.json: PKIX path building failed: sun.security.provider.certpath.SunCertPathBuilderException: unable to find valid certification path to requested target
	at org.apache.cxf.jaxrs.client.AbstractClient.checkClientException(AbstractClient.java:645)
	at org.apache.cxf.jaxrs.client.AbstractClient.preProcessResult(AbstractClient.java:619)
	at org.apache.cxf.jaxrs.client.WebClient.doResponse(WebClient.java:1149)
	at org.apache.cxf.jaxrs.client.WebClient.doChainedInvocation(WebClient.java:1086)
	at org.apache.cxf.jaxrs.client.WebClient.doInvoke(WebClient.java:931)
	at org.apache.cxf.jaxrs.client.WebClient.doInvoke(WebClient.java:900)
	at org.apache.cxf.jaxrs.client.WebClient.invoke(WebClient.java:460)
	at org.apache.cxf.jaxrs.client.SyncInvokerImpl.method(SyncInvokerImpl.java:135)
	at org.apache.cxf.jaxrs.client.SyncInvokerImpl.method(SyncInvokerImpl.java:130)
	at org.apache.cxf.jaxrs.client.SyncInvokerImpl.get(SyncInvokerImpl.java:50)
	at org.apache.cxf.jaxrs.client.spec.InvocationBuilderImpl.get(InvocationBuilderImpl.java:87)
	at org.knime.workbench.workflowcoach.data.AbstractFileDownloadTripleProvider.update(AbstractFileDownloadTripleProvider.java:142)
	at org.knime.workbench.workflowcoach.data.CommunityTripleProvider.update(CommunityTripleProvider.java:111)
	at org.knime.workbench.workflowcoach.prefs.UpdateJob.run(UpdateJob.java:132)
	at org.eclipse.core.internal.jobs.Worker.run(Worker.java:63)
Caused by: javax.net.ssl.SSLHandshakeException: SSLHandshakeException invoking https://update.knime.com/community_recommendations_5.2.json: PKIX path building failed: sun.security.provider.certpath.SunCertPathBuilderException: unable to find valid certification path to requested target
	at java.base/jdk.internal.reflect.NativeConstructorAccessorImpl.newInstance0(Native Method)
	at java.base/jdk.internal.reflect.NativeConstructorAccessorImpl.newInstance(Unknown Source)
	at java.base/jdk.internal.reflect.DelegatingConstructorAccessorImpl.newInstance(Unknown Source)
	at java.base/java.lang.reflect.Constructor.newInstanceWithCaller(Unknown Source)
	at java.base/java.lang.reflect.Constructor.newInstance(Unknown Source)
	at org.apache.cxf.transport.http.HTTPConduit$WrappedOutputStream.mapException(HTTPConduit.java:1452)
	at org.apache.cxf.transport.http.HTTPConduit$WrappedOutputStream.close(HTTPConduit.java:1433)
	at org.apache.cxf.io.AbstractWrappedOutputStream.close(AbstractWrappedOutputStream.java:77)
	at org.apache.cxf.transport.AbstractConduit.close(AbstractConduit.java:56)
	at org.apache.cxf.transport.http.HTTPConduit.close(HTTPConduit.java:717)
	at org.apache.cxf.transport.http.HttpClientHTTPConduit.close(HttpClientHTTPConduit.java:115)
	at org.apache.cxf.interceptor.MessageSenderInterceptor$MessageSenderEndingInterceptor.handleMessage(MessageSenderInterceptor.java:63)
	at org.apache.cxf.phase.PhaseInterceptorChain.doIntercept(PhaseInterceptorChain.java:307)
	at org.apache.cxf.jaxrs.client.AbstractClient.doRunInterceptorChain(AbstractClient.java:717)
	at org.apache.cxf.jaxrs.client.WebClient.doChainedInvocation(WebClient.java:1085)
	... 11 more
Caused by: javax.net.ssl.SSLHandshakeException: PKIX path building failed: sun.security.provider.certpath.SunCertPathBuilderException: unable to find valid certification path to requested target
	at java.base/jdk.internal.reflect.NativeConstructorAccessorImpl.newInstance0(Native Method)
	at java.base/jdk.internal.reflect.NativeConstructorAccessorImpl.newInstance(Unknown Source)
	at java.base/jdk.internal.reflect.DelegatingConstructorAccessorImpl.newInstance(Unknown Source)
	at java.base/java.lang.reflect.Constructor.newInstanceWithCaller(Unknown Source)
	at java.base/java.lang.reflect.Constructor.newInstance(Unknown Source)
	at java.base/sun.net.www.protocol.http.HttpURLConnection$10.run(Unknown Source)
	at java.base/sun.net.www.protocol.http.HttpURLConnection$10.run(Unknown Source)
	at java.base/java.security.AccessController.doPrivileged(Unknown Source)
	at java.base/sun.net.www.protocol.http.HttpURLConnection.getChainedException(Unknown Source)
	at java.base/sun.net.www.protocol.http.HttpURLConnection.getInputStream0(Unknown Source)
	at java.base/sun.net.www.protocol.http.HttpURLConnection.getInputStream(Unknown Source)
	at java.base/java.net.HttpURLConnection.getResponseCode(Unknown Source)
	at java.base/sun.net.www.protocol.https.HttpsURLConnectionImpl.getResponseCode(Unknown Source)
	at org.apache.cxf.transport.http.URLConnectionHTTPConduit$URLConnectionWrappedOutputStream$2.run(URLConnectionHTTPConduit.java:370)
	at org.apache.cxf.transport.http.URLConnectionHTTPConduit$URLConnectionWrappedOutputStream$2.run(URLConnectionHTTPConduit.java:366)
	at java.base/java.security.AccessController.doPrivileged(Unknown Source)
	at org.apache.cxf.transport.http.URLConnectionHTTPConduit$URLConnectionWrappedOutputStream.getResponseCode(URLConnectionHTTPConduit.java:366)
	at org.apache.cxf.transport.http.HTTPConduit$WrappedOutputStream.processRetransmit(HTTPConduit.java:1503)
	at org.apache.cxf.transport.http.HTTPConduit$WrappedOutputStream.handleRetransmits(HTTPConduit.java:1490)
	at org.apache.cxf.transport.http.HTTPConduit$WrappedOutputStream.handleResponse(HTTPConduit.java:1621)
	at org.apache.cxf.transport.http.HTTPConduit$WrappedOutputStream.close(HTTPConduit.java:1420)
	... 19 more
Caused by: javax.net.ssl.SSLHandshakeException: PKIX path building failed: sun.security.provider.certpath.SunCertPathBuilderException: unable to find valid certification path to requested target
	at java.base/sun.security.ssl.Alert.createSSLException(Unknown Source)
	at java.base/sun.security.ssl.TransportContext.fatal(Unknown Source)
	at java.base/sun.security.ssl.TransportContext.fatal(Unknown Source)
	at java.base/sun.security.ssl.TransportContext.fatal(Unknown Source)
	at java.base/sun.security.ssl.CertificateMessage$T13CertificateConsumer.checkServerCerts(Unknown Source)
	at java.base/sun.security.ssl.CertificateMessage$T13CertificateConsumer.onConsumeCertificate(Unknown Source)
	at java.base/sun.security.ssl.CertificateMessage$T13CertificateConsumer.consume(Unknown Source)
	at java.base/sun.security.ssl.SSLHandshake.consume(Unknown Source)
	at java.base/sun.security.ssl.HandshakeContext.dispatch(Unknown Source)
	at java.base/sun.security.ssl.HandshakeContext.dispatch(Unknown Source)
	at java.base/sun.security.ssl.TransportContext.dispatch(Unknown Source)
	at java.base/sun.security.ssl.SSLTransport.decode(Unknown Source)
	at java.base/sun.security.ssl.SSLSocketImpl.decode(Unknown Source)
	at java.base/sun.security.ssl.SSLSocketImpl.readHandshakeRecord(Unknown Source)
	at java.base/sun.security.ssl.SSLSocketImpl.startHandshake(Unknown Source)
	at java.base/sun.security.ssl.SSLSocketImpl.startHandshake(Unknown Source)
	at java.base/sun.net.www.protocol.https.HttpsClient.afterConnect(Unknown Source)
	at java.base/sun.net.www.protocol.https.AbstractDelegateHttpsURLConnection.connect(Unknown Source)
	at java.base/sun.net.www.protocol.http.HttpURLConnection.getInputStream0(Unknown Source)
	at java.base/sun.net.www.protocol.http.HttpURLConnection.getInputStream(Unknown Source)
	at java.base/sun.net.www.protocol.http.HttpURLConnection.getHeaderFields(Unknown Source)
	at java.base/sun.net.www.protocol.https.HttpsURLConnectionImpl.getHeaderFields(Unknown Source)
	at org.apache.cxf.transport.http.Headers.readFromConnection(Headers.java:280)
	at org.apache.cxf.transport.http.URLConnectionHTTPConduit$URLConnectionWrappedOutputStream.updateCookiesBeforeRetransmit(URLConnectionHTTPConduit.java:330)
	at org.apache.cxf.transport.http.HTTPConduit$WrappedOutputStream.handleRetransmits(HTTPConduit.java:1488)
	... 21 more
Caused by: sun.security.validator.ValidatorException: PKIX path building failed: sun.security.provider.certpath.SunCertPathBuilderException: unable to find valid certification path to requested target
	at java.base/sun.security.validator.PKIXValidator.doBuild(Unknown Source)
	at java.base/sun.security.validator.PKIXValidator.engineValidate(Unknown Source)
	at java.base/sun.security.validator.Validator.validate(Unknown Source)
	at java.base/sun.security.ssl.X509TrustManagerImpl.checkTrusted(Unknown Source)
	at java.base/sun.security.ssl.X509TrustManagerImpl.checkServerTrusted(Unknown Source)
	at org.knime.core.util.KNIMEX509TrustManager.checkServerTrusted(KNIMEX509TrustManager.java:109)
	... 42 more
Caused by: sun.security.provider.certpath.SunCertPathBuilderException: unable to find valid certification path to requested target
	at java.base/sun.security.provider.certpath.SunCertPathBuilder.build(Unknown Source)
	at java.base/sun.security.provider.certpath.SunCertPathBuilder.engineBuild(Unknown Source)
	at java.base/java.security.cert.CertPathBuilder.build(Unknown Source)
	... 48 more
2024-09-22 14:59:44,764 : WARN  : comm-pool-thread-1 :  : Node : Excel Reader : 3:1 : Please specify a file
2024-09-22 14:59:44,891 : WARN  : main :  : FontStore :  :  : Using the system default font for annotations: Font {128247729099408}
2024-09-22 15:35:53,101 : WARN  : Worker-2: Downloading statistics for node recommendations. :  : NodeRecommendationUpdater :  :  : Could not update node recommendations statistics.
java.io.IOException: Downloaded file doesn't contain node recommendation data.
	at org.knime.workbench.workflowcoach.data.AbstractFileDownloadTripleProvider.checkDownloadedFile(AbstractFileDownloadTripleProvider.java:183)
	at org.knime.workbench.workflowcoach.data.AbstractFileDownloadTripleProvider.update(AbstractFileDownloadTripleProvider.java:162)
	at org.knime.workbench.workflowcoach.data.CommunityTripleProvider.update(CommunityTripleProvider.java:111)
	at org.knime.workbench.workflowcoach.prefs.UpdateJob.run(UpdateJob.java:132)
	at org.eclipse.core.internal.jobs.Worker.run(Worker.java:63)
Caused by: com.fasterxml.jackson.databind.JsonMappingException: Unexpected end-of-input in VALUE_STRING
 at [Source: REDACTED (`StreamReadFeature.INCLUDE_SOURCE_IN_LOCATION` disabled); line: 342063, column: 58] (through reference chain: org.knime.core.node.NodeFrequencies["frequencies"]->java.util.ArrayList[38006]->org.knime.core.node.NodeTriple["successor"]->org.knime.core.node.NodeInfo["factoryId"])
	at com.fasterxml.jackson.databind.JsonMappingException.wrapWithPath(JsonMappingException.java:402)
	at com.fasterxml.jackson.databind.JsonMappingException.wrapWithPath(JsonMappingException.java:361)
	at com.fasterxml.jackson.databind.deser.BeanDeserializerBase.wrapAndThrow(BeanDeserializerBase.java:1937)
	at com.fasterxml.jackson.databind.deser.BeanDeserializer._deserializeWithErrorWrapping(BeanDeserializer.java:572)
	at com.fasterxml.jackson.databind.deser.BeanDeserializer._deserializeUsingPropertyBased(BeanDeserializer.java:440)
	at com.fasterxml.jackson.databind.deser.BeanDeserializerBase.deserializeFromObjectUsingNonDefault(BeanDeserializerBase.java:1493)
	at com.fasterxml.jackson.databind.deser.BeanDeserializer.deserializeFromObject(BeanDeserializer.java:348)
	at com.fasterxml.jackson.databind.deser.BeanDeserializer.deserialize(BeanDeserializer.java:185)
	at com.fasterxml.jackson.databind.deser.SettableBeanProperty.deserialize(SettableBeanProperty.java:545)
	at com.fasterxml.jackson.databind.deser.BeanDeserializer._deserializeWithErrorWrapping(BeanDeserializer.java:570)
	at com.fasterxml.jackson.databind.deser.BeanDeserializer._deserializeUsingPropertyBased(BeanDeserializer.java:440)
	at com.fasterxml.jackson.databind.deser.BeanDeserializerBase.deserializeFromObjectUsingNonDefault(BeanDeserializerBase.java:1493)
	at com.fasterxml.jackson.databind.deser.BeanDeserializer.deserializeFromObject(BeanDeserializer.java:348)
	at com.fasterxml.jackson.databind.deser.BeanDeserializer.deserialize(BeanDeserializer.java:185)
	at com.fasterxml.jackson.databind.deser.std.CollectionDeserializer._deserializeFromArray(CollectionDeserializer.java:359)
	at com.fasterxml.jackson.databind.deser.std.CollectionDeserializer.deserialize(CollectionDeserializer.java:244)
	at com.fasterxml.jackson.databind.deser.std.CollectionDeserializer.deserialize(CollectionDeserializer.java:28)
	at com.fasterxml.jackson.databind.deser.SettableBeanProperty.deserialize(SettableBeanProperty.java:545)
	at com.fasterxml.jackson.databind.deser.BeanDeserializer._deserializeWithErrorWrapping(BeanDeserializer.java:570)
	at com.fasterxml.jackson.databind.deser.BeanDeserializer._deserializeUsingPropertyBased(BeanDeserializer.java:440)
	at com.fasterxml.jackson.databind.deser.BeanDeserializerBase.deserializeFromObjectUsingNonDefault(BeanDeserializerBase.java:1493)
	at com.fasterxml.jackson.databind.deser.BeanDeserializer.deserializeFromObject(BeanDeserializer.java:348)
	at com.fasterxml.jackson.databind.deser.BeanDeserializer.deserialize(BeanDeserializer.java:185)
	at com.fasterxml.jackson.databind.deser.DefaultDeserializationContext.readRootValue(DefaultDeserializationContext.java:342)
	at com.fasterxml.jackson.databind.ObjectMapper._readMapAndClose(ObjectMapper.java:4899)
	at com.fasterxml.jackson.databind.ObjectMapper.readValue(ObjectMapper.java:3883)
	at org.knime.core.node.NodeFrequencies.from(NodeFrequencies.java:160)
	at org.knime.workbench.workflowcoach.data.AbstractFileDownloadTripleProvider.checkDownloadedFile(AbstractFileDownloadTripleProvider.java:181)
	... 4 more
Caused by: com.fasterxml.jackson.core.io.JsonEOFException: Unexpected end-of-input in VALUE_STRING
 at [Source: REDACTED (`StreamReadFeature.INCLUDE_SOURCE_IN_LOCATION` disabled); line: 342063, column: 58]
	at com.fasterxml.jackson.core.base.ParserMinimalBase._reportInvalidEOF(ParserMinimalBase.java:699)
	at com.fasterxml.jackson.core.base.ParserMinimalBase._reportInvalidEOF(ParserMinimalBase.java:680)
	at com.fasterxml.jackson.core.json.UTF8StreamJsonParser._loadMoreGuaranteed(UTF8StreamJsonParser.java:2501)
	at com.fasterxml.jackson.core.json.UTF8StreamJsonParser._finishString2(UTF8StreamJsonParser.java:2584)
	at com.fasterxml.jackson.core.json.UTF8StreamJsonParser._finishAndReturnString(UTF8StreamJsonParser.java:2564)
	at com.fasterxml.jackson.core.json.UTF8StreamJsonParser.getText(UTF8StreamJsonParser.java:338)
	at com.fasterxml.jackson.databind.deser.std.StringDeserializer.deserialize(StringDeserializer.java:42)
	at com.fasterxml.jackson.databind.deser.std.StringDeserializer.deserialize(StringDeserializer.java:11)
	at com.fasterxml.jackson.databind.deser.SettableBeanProperty.deserialize(SettableBeanProperty.java:545)
	at com.fasterxml.jackson.databind.deser.BeanDeserializer._deserializeWithErrorWrapping(BeanDeserializer.java:570)
	... 28 more
2024-09-22 15:36:13,220 : WARN  : comm-pool-thread-1 :  : Node : Excel Reader : 3:1 : Please specify a file
2024-09-22 15:36:13,343 : WARN  : main :  : FontStore :  :  : Using the system default font for annotations: Font {139393708533296}
2024-09-22 15:39:26,638 : WARN  : main :  : Node : Excel Reader : 3:1 : The node configuration changed and the table spec will be recalculated during execution.
2024-09-22 15:39:27,743 : WARN  : main :  : Node : Excel Reader : 3:1 : The node configuration changed and the table spec will be recalculated during execution.
2024-09-22 15:40:16,385 : WARN  : comm-pool-thread-3 :  : Node : Association Rule Learner : 3:2 : Expecting at least one column containing transactions,(BitVectors or CollectionCells)
2024-09-22 15:45:29,582 : WARN  : main :  : Node : Association Rule Learner : 3:2 : Expecting at least one column containing transactions,(BitVectors or CollectionCells)
2024-09-22 15:45:30,729 : WARN  : main :  : Node : Association Rule Learner : 3:2 : Expecting at least one column containing transactions,(BitVectors or CollectionCells)
2024-09-22 15:45:33,158 : WARN  : KNIME-Worker-4-Excel Reader 3:1 :  : Node : Association Rule Learner : 3:2 : Expecting at least one column containing transactions,(BitVectors or CollectionCells)
2024-09-22 15:48:48,457 : WARN  : main :  : Node : Association Rule Learner : 3:2 : Expecting at least one column containing transactions,(BitVectors or CollectionCells)
2024-09-22 15:48:50,807 : WARN  : main :  : Node : Association Rule Learner : 3:2 : Expecting at least one column containing transactions,(BitVectors or CollectionCells)
2024-09-22 15:48:53,325 : WARN  : KNIME-Worker-5-Excel Reader 3:1 :  : Node : Association Rule Learner : 3:2 : Expecting at least one column containing transactions,(BitVectors or CollectionCells)
2024-09-22 15:49:28,957 : WARN  : comm-pool-thread-8 :  : Node : Column Splitter : 3:4 : No settings available, passing all columns to top output port.
2024-09-22 15:49:28,960 : WARN  : comm-pool-thread-8 :  : Node : Column Splitter : 3:4 : All columns in top partition.
2024-09-22 15:49:28,969 : WARN  : comm-pool-thread-8 :  : Node : Association Rule Learner : 3:2 : Expecting at least one column containing transactions,(BitVectors or CollectionCells)
2024-09-22 15:49:55,819 : WARN  : main :  : Node : Association Rule Learner : 3:2 : Expecting at least one column containing transactions,(BitVectors or CollectionCells)
2024-09-22 15:49:56,705 : WARN  : main :  : Node : Association Rule Learner : 3:2 : Expecting at least one column containing transactions,(BitVectors or CollectionCells)
2024-09-22 15:49:58,515 : WARN  : KNIME-Worker-6-Column Splitter 3:4 :  : Node : Association Rule Learner : 3:2 : Expecting at least one column containing transactions,(BitVectors or CollectionCells)
2024-09-22 15:50:10,307 : WARN  : comm-pool-thread-8 :  : Node : Association Rule Learner : 3:2 : Expecting at least one column containing transactions,(BitVectors or CollectionCells)
2024-09-22 16:02:42,674 : ERROR : main :  : KnimeBrowserView :  :  : %cerror%c Error making RPC call 
      background: #c0392b;
      border-radius: 0.5em;
      color: white;
      font-weight: bold;
      padding: 2px 0.5em;
      Error: No such node ID: 3:4 valid [3:1, 3:2, 3:3, 3:5] (source: http://org.knime.ui.java/assets/index-P8gIzpql.js; line: 64)
2024-09-22 16:02:42,744 : ERROR : main :  : KnimeBrowserView :  :  : Uncaught (in promise) Error: No such node ID: 3:4 valid [3:1, 3:2, 3:3, 3:5] (source: http://org.knime.ui.java/assets/index-P8gIzpql.js; line: 22)
2024-09-22 16:02:44,820 : WARN  : comm-pool-thread-19 :  : Node : Create Collection Column : 3:5 : Auto configuration: Using all suitable columns (in total 6)
2024-09-22 16:02:59,683 : WARN  : main :  : WrappedNodeDialog : Create Collection Column : 3:5 : failed to apply settings: At least one column needs to be selected
org.knime.core.node.InvalidSettingsException: At least one column needs to be selected
	at org.knime.base.collection.list.create2.CollectionCreate2NodeDialogPane.saveAdditionalSettingsTo(CollectionCreate2NodeDialogPane.java:128)
	at org.knime.core.node.defaultnodesettings.DefaultNodeSettingsPane.saveSettingsTo(DefaultNodeSettingsPane.java:293)
	at org.knime.core.node.NodeDialogPane.internalSaveSettingsTo(NodeDialogPane.java:539)
	at org.knime.core.node.NodeDialogPane$4.run(NodeDialogPane.java:778)
	at org.knime.core.node.util.ViewUtils$3.run(ViewUtils.java:353)
	at org.knime.core.node.util.ViewUtils$2.run(ViewUtils.java:155)
	at java.desktop/java.awt.event.InvocationEvent.dispatch(Unknown Source)
	at java.desktop/java.awt.EventQueue.dispatchEventImpl(Unknown Source)
	at java.desktop/java.awt.EventQueue$4.run(Unknown Source)
	at java.desktop/java.awt.EventQueue$4.run(Unknown Source)
	at java.base/java.security.AccessController.doPrivileged(Unknown Source)
	at java.base/java.security.ProtectionDomain$JavaSecurityAccessImpl.doIntersectionPrivilege(Unknown Source)
	at java.desktop/java.awt.EventQueue.dispatchEvent(Unknown Source)
	at java.desktop/java.awt.EventDispatchThread.pumpOneEventForFilters(Unknown Source)
	at java.desktop/java.awt.EventDispatchThread.pumpEventsForFilter(Unknown Source)
	at java.desktop/java.awt.EventDispatchThread.pumpEventsForHierarchy(Unknown Source)
	at java.desktop/java.awt.EventDispatchThread.pumpEvents(Unknown Source)
	at java.desktop/java.awt.EventDispatchThread.pumpEvents(Unknown Source)
	at java.desktop/java.awt.EventDispatchThread.run(Unknown Source)
2024-09-22 16:03:20,787 : WARN  : comm-pool-thread-19 :  : Node : Excel Writer : 3:3 : Please specify a file
2024-09-22 16:03:34,972 : WARN  : main :  : Node : Excel Writer : 3:3 : Please specify a file
2024-09-22 16:03:35,946 : WARN  : main :  : Node : Excel Writer : 3:3 : Please specify a file
2024-09-22 16:03:38,867 : WARN  : KNIME-Worker-8-Association Rule Learner 3:2 :  : Node : Excel Writer : 3:3 : Please specify a file
2024-09-22 16:04:39,126 : ERROR : KNIME-Worker-9-Excel Writer 3:3 :  : Node : Excel Writer : 3:3 : Execute failed: Unsupported column type 'Set'. Please remove corresponding column(s) from the input table.
java.lang.IllegalArgumentException: Unsupported column type 'Set'. Please remove corresponding column(s) from the input table.
	at org.knime.ext.poi3.node.io.filehandling.excel.writer.cell.ExcelCellWriterFactory.createCellWriter(ExcelCellWriterFactory.java:149)
	at org.knime.ext.poi3.node.io.filehandling.excel.writer.cellcoordinate.ExcelSheetWriter.<init>(ExcelSheetWriter.java:96)
	at org.knime.ext.poi3.node.io.filehandling.excel.writer.table.XlsxTableWriter.createSheetWriter(XlsxTableWriter.java:78)
	at org.knime.ext.poi3.node.io.filehandling.excel.writer.table.AbstractExcelTableWriter.writeTable(AbstractExcelTableWriter.java:99)
	at org.knime.ext.poi3.node.io.filehandling.excel.ExcelMultiRowInputWriter.writeTables(ExcelMultiRowInputWriter.java:138)
	at org.knime.ext.poi3.node.io.filehandling.excel.ExcelMultiRowInputWriter.writeTables(ExcelMultiRowInputWriter.java:103)
	at org.knime.ext.poi3.node.io.filehandling.excel.writer.ExcelTableWriterNodeModel.write(ExcelTableWriterNodeModel.java:192)
	at org.knime.ext.poi3.node.io.filehandling.excel.writer.ExcelTableWriterNodeModel.execute(ExcelTableWriterNodeModel.java:159)
	at org.knime.core.node.NodeModel.executeModel(NodeModel.java:588)
	at org.knime.core.node.Node.invokeFullyNodeModelExecute(Node.java:1286)
	at org.knime.core.node.Node.execute(Node.java:1049)
	at org.knime.core.node.workflow.NativeNodeContainer.performExecuteNode(NativeNodeContainer.java:594)
	at org.knime.core.node.exec.LocalNodeExecutionJob.mainExecute(LocalNodeExecutionJob.java:98)
	at org.knime.core.node.workflow.NodeExecutionJob.internalRun(NodeExecutionJob.java:198)
	at org.knime.core.node.workflow.NodeExecutionJob.run(NodeExecutionJob.java:117)
	at org.knime.core.util.ThreadUtils$RunnableWithContextImpl.runWithContext(ThreadUtils.java:367)
	at org.knime.core.util.ThreadUtils$RunnableWithContext.run(ThreadUtils.java:221)
	at java.base/java.util.concurrent.Executors$RunnableAdapter.call(Unknown Source)
	at java.base/java.util.concurrent.FutureTask.run(Unknown Source)
	at org.knime.core.util.ThreadPool$MyFuture.run(ThreadPool.java:123)
	at org.knime.core.util.ThreadPool$Worker.run(ThreadPool.java:246)
2024-09-22 16:04:52,617 : ERROR : KNIME-Worker-10-Excel Writer 3:3 :  : Node : Excel Writer : 3:3 : Execute failed: Unsupported column type 'Set'. Please remove corresponding column(s) from the input table.
java.lang.IllegalArgumentException: Unsupported column type 'Set'. Please remove corresponding column(s) from the input table.
	at org.knime.ext.poi3.node.io.filehandling.excel.writer.cell.ExcelCellWriterFactory.createCellWriter(ExcelCellWriterFactory.java:149)
	at org.knime.ext.poi3.node.io.filehandling.excel.writer.cellcoordinate.ExcelSheetWriter.<init>(ExcelSheetWriter.java:96)
	at org.knime.ext.poi3.node.io.filehandling.excel.writer.table.XlsxTableWriter.createSheetWriter(XlsxTableWriter.java:78)
	at org.knime.ext.poi3.node.io.filehandling.excel.writer.table.AbstractExcelTableWriter.writeTable(AbstractExcelTableWriter.java:99)
	at org.knime.ext.poi3.node.io.filehandling.excel.ExcelMultiRowInputWriter.writeTables(ExcelMultiRowInputWriter.java:138)
	at org.knime.ext.poi3.node.io.filehandling.excel.ExcelMultiRowInputWriter.writeTables(ExcelMultiRowInputWriter.java:103)
	at org.knime.ext.poi3.node.io.filehandling.excel.writer.ExcelTableWriterNodeModel.write(ExcelTableWriterNodeModel.java:192)
	at org.knime.ext.poi3.node.io.filehandling.excel.writer.ExcelTableWriterNodeModel.execute(ExcelTableWriterNodeModel.java:159)
	at org.knime.core.node.NodeModel.executeModel(NodeModel.java:588)
	at org.knime.core.node.Node.invokeFullyNodeModelExecute(Node.java:1286)
	at org.knime.core.node.Node.execute(Node.java:1049)
	at org.knime.core.node.workflow.NativeNodeContainer.performExecuteNode(NativeNodeContainer.java:594)
	at org.knime.core.node.exec.LocalNodeExecutionJob.mainExecute(LocalNodeExecutionJob.java:98)
	at org.knime.core.node.workflow.NodeExecutionJob.internalRun(NodeExecutionJob.java:198)
	at org.knime.core.node.workflow.NodeExecutionJob.run(NodeExecutionJob.java:117)
	at org.knime.core.util.ThreadUtils$RunnableWithContextImpl.runWithContext(ThreadUtils.java:367)
	at org.knime.core.util.ThreadUtils$RunnableWithContext.run(ThreadUtils.java:221)
	at java.base/java.util.concurrent.Executors$RunnableAdapter.call(Unknown Source)
	at java.base/java.util.concurrent.FutureTask.run(Unknown Source)
	at org.knime.core.util.ThreadPool$MyFuture.run(ThreadPool.java:123)
	at org.knime.core.util.ThreadPool$Worker.run(ThreadPool.java:246)
2024-09-27 10:01:33,538 : WARN  : ModalContext :  : Node : Excel Writer : 3:3 : Execute failed: Unsupported column type 'Set'. Please remove corresponding column(s) from the input table.
2024-09-27 10:02:22,429 : WARN  : comm-pool-thread-2 :  : Node : Excel Reader : 4:1 : Please specify a file
2024-09-27 10:04:15,044 : WARN  : comm-pool-thread-2 :  : Node : Column Splitter : 4:3 : No settings available, passing all columns to top output port.
2024-09-27 10:04:15,047 : WARN  : comm-pool-thread-2 :  : Node : Column Splitter : 4:3 : All columns in top partition.
2024-09-29 21:47:48,184 : ERROR : ForkJoinPool.commonPool-worker-3 :  : WelcomeAPEndpoint :  :  : Calling welcome page endpoint failed
java.net.UnknownHostException: tips-and-tricks.knime.com
	at java.base/sun.nio.ch.NioSocketImpl.connect(Unknown Source)
	at java.base/java.net.SocksSocketImpl.connect(Unknown Source)
	at java.base/java.net.Socket.connect(Unknown Source)
	at java.base/sun.security.ssl.SSLSocketImpl.connect(Unknown Source)
	at java.base/sun.net.NetworkClient.doConnect(Unknown Source)
	at java.base/sun.net.www.http.HttpClient.openServer(Unknown Source)
	at java.base/sun.net.www.http.HttpClient.openServer(Unknown Source)
	at java.base/sun.net.www.protocol.https.HttpsClient.<init>(Unknown Source)
	at java.base/sun.net.www.protocol.https.HttpsClient.New(Unknown Source)
	at java.base/sun.net.www.protocol.https.AbstractDelegateHttpsURLConnection.getNewHttpClient(Unknown Source)
	at java.base/sun.net.www.protocol.http.HttpURLConnection.plainConnect0(Unknown Source)
	at java.base/sun.net.www.protocol.http.HttpURLConnection.plainConnect(Unknown Source)
	at java.base/sun.net.www.protocol.https.AbstractDelegateHttpsURLConnection.connect(Unknown Source)
	at java.base/sun.net.www.protocol.https.HttpsURLConnectionImpl.connect(Unknown Source)
	at org.knime.product.rcp.intro.WelcomeAPEndpoint.request(WelcomeAPEndpoint.java:107)
	at org.knime.product.rcp.intro.WelcomeAPEndpoint.lambda$0(WelcomeAPEndpoint.java:68)
	at java.base/java.util.concurrent.CompletableFuture$AsyncSupply.run(Unknown Source)
	at java.base/java.util.concurrent.CompletableFuture$AsyncSupply.exec(Unknown Source)
	at java.base/java.util.concurrent.ForkJoinTask.doExec(Unknown Source)
	at java.base/java.util.concurrent.ForkJoinPool$WorkQueue.topLevelExec(Unknown Source)
	at java.base/java.util.concurrent.ForkJoinPool.scan(Unknown Source)
	at java.base/java.util.concurrent.ForkJoinPool.runWorker(Unknown Source)
	at java.base/java.util.concurrent.ForkJoinWorkerThread.run(Unknown Source)
2024-09-29 21:47:53,850 : WARN  : ModalContext :  : Node : Excel Writer : 3:3 : Execute failed: Unsupported column type 'Set'. Please remove corresponding column(s) from the input table.
2024-09-29 21:47:59,924 : ERROR : KNIME-Worker-0 :  : DesktopAPUtil :  :  : Could not check for updates
java.io.IOException: update.knime.com, while checking updates for site at "https://update.knime.com/community-contributions/trusted/5.3".
	at org.knime.core.eclipseUtil.UpdateChecker.checkForNewRelease(UpdateChecker.java:200)
	at org.knime.product.rcp.intro.UpdateDetector.checkForNewRelease(UpdateDetector.java:97)
	at org.knime.ui.java.util.DesktopAPUtil.checkForUpdate(DesktopAPUtil.java:249)
	at org.knime.gateway.impl.webui.UpdateStateProvider.lambda$0(UpdateStateProvider.java:86)
	at java.base/java.util.concurrent.Executors$RunnableAdapter.call(Unknown Source)
	at java.base/java.util.concurrent.FutureTask.run(Unknown Source)
	at org.knime.core.util.ThreadPool$MyFuture.run(ThreadPool.java:123)
	at org.knime.core.util.ThreadPool$Worker.run(ThreadPool.java:246)
Caused by: java.net.UnknownHostException: update.knime.com
	at java.base/sun.nio.ch.NioSocketImpl.connect(Unknown Source)
	at java.base/java.net.SocksSocketImpl.connect(Unknown Source)
	at java.base/java.net.Socket.connect(Unknown Source)
	at java.base/sun.security.ssl.SSLSocketImpl.connect(Unknown Source)
	at java.base/sun.net.NetworkClient.doConnect(Unknown Source)
	at java.base/sun.net.www.http.HttpClient.openServer(Unknown Source)
	at java.base/sun.net.www.http.HttpClient.openServer(Unknown Source)
	at java.base/sun.net.www.protocol.https.HttpsClient.<init>(Unknown Source)
	at java.base/sun.net.www.protocol.https.HttpsClient.New(Unknown Source)
	at java.base/sun.net.www.protocol.https.AbstractDelegateHttpsURLConnection.getNewHttpClient(Unknown Source)
	at java.base/sun.net.www.protocol.http.HttpURLConnection.plainConnect0(Unknown Source)
	at java.base/sun.net.www.protocol.http.HttpURLConnection.plainConnect(Unknown Source)
	at java.base/sun.net.www.protocol.https.AbstractDelegateHttpsURLConnection.connect(Unknown Source)
	at java.base/sun.net.www.protocol.https.HttpsURLConnectionImpl.connect(Unknown Source)
	at org.knime.core.eclipseUtil.UpdateChecker.checkForNewRelease(UpdateChecker.java:182)
	... 7 more
2024-09-29 21:56:53,901 : WARN  : comm-pool-thread-4 :  : Node : Excel Reader : 4:1 : Please specify a file
2024-09-29 21:58:34,405 : WARN  : comm-pool-thread-4 :  : Node : Normalizer : 4:3 : No columns included - input stays unchanged.
2024-09-29 21:58:43,321 : WARN  : KNIME-Worker-1-Normalizer 4:3 :  : Node : Normalizer : 4:3 : No columns included - input stays unchanged.
2024-09-29 22:00:40,481 : WARN  : comm-pool-thread-5 :  : Node : Color Manager : 4:5 : Selected column "Cluster" with default nominal color mapping.
2024-09-29 22:00:43,204 : WARN  : KNIME-Worker-1-Color Manager 4:5 :  : Node : Color Manager : 4:5 : Selected column "Cluster" with default nominal color mapping.
2024-09-29 22:05:35,670 : WARN  : main :  : Node : Color Manager : 4:5 : Column "Cluster" has no nominal values set: execute predecessor or add Binner.
2024-09-29 22:05:52,201 : WARN  : main :  : Node : Color Manager : 4:5 : Column "Cluster" has no nominal values set: execute predecessor or add Binner.
2024-09-29 22:05:53,151 : WARN  : main :  : Node : Color Manager : 4:5 : Column "Cluster" has no nominal values set: execute predecessor or add Binner.
2024-09-29 22:06:01,459 : WARN  : KNIME-Worker-3-Normalizer 4:3 :  : Node : Color Manager : 4:5 : Column "Cluster" has no nominal values set: execute predecessor or add Binner.
2024-09-29 22:06:45,866 : WARN  : comm-pool-thread-10 :  : Node : Color Manager : 5:5 : Column "Cluster" has no nominal values set: execute predecessor or add Binner.
2024-09-29 22:06:45,874 : WARN  : comm-pool-thread-10 :  : Node : Color Manager : 5:5 : Column "Cluster" has no nominal values set: execute predecessor or add Binner.
2024-09-29 22:06:52,757 : ERROR : main :  : KnimeBrowserView :  :  : %cerror%c Error making RPC call 
      background: #c0392b;
      border-radius: 0.5em;
      color: white;
      font-weight: bold;
      padding: 2px 0.5em;
      Error: No such node ID: 5:4 valid [5:1, 5:2, 5:3, 5:5, 5:6] (source: http://org.knime.ui.java/assets/index-P8gIzpql.js; line: 64)
2024-09-29 22:06:52,759 : ERROR : main :  : KnimeBrowserView :  :  : Uncaught (in promise) Error: No such node ID: 5:4 valid [5:1, 5:2, 5:3, 5:5, 5:6] (source: http://org.knime.ui.java/assets/index-P8gIzpql.js; line: 22)
2024-09-29 22:07:40,828 : WARN  : comm-pool-thread-10 :  : Node : Color Manager : 6:5 : Column "Cluster" has no nominal values set: execute predecessor or add Binner.
2024-09-29 22:07:40,837 : WARN  : comm-pool-thread-10 :  : Node : Color Manager : 6:5 : Column "Cluster" has no nominal values set: execute predecessor or add Binner.
2024-09-29 22:07:48,600 : ERROR : main :  : KnimeBrowserView :  :  : %cerror%c Error making RPC call 
      background: #c0392b;
      border-radius: 0.5em;
      color: white;
      font-weight: bold;
      padding: 2px 0.5em;
      Error: No such node ID: 6:4 valid [6:1, 6:2, 6:3, 6:5, 6:6] (source: http://org.knime.ui.java/assets/index-P8gIzpql.js; line: 64)
2024-09-29 22:07:48,605 : ERROR : main :  : KnimeBrowserView :  :  : Uncaught (in promise) Error: No such node ID: 6:4 valid [6:1, 6:2, 6:3, 6:5, 6:6] (source: http://org.knime.ui.java/assets/index-P8gIzpql.js; line: 22)
2024-09-29 22:08:26,861 : WARN  : comm-pool-thread-12 :  : Node : Numeric Distances : 6:8 : Guessing column: '"Samsung"' and
Standard Distance (Euclidean/ Manhattan).
2024-09-29 22:08:31,326 : WARN  : comm-pool-thread-12 :  : Node : Color Manager : 6:5 : Column "Cluster" has no nominal values set: execute predecessor or add Binner.
2024-09-29 22:08:39,034 : WARN  : main :  : Node : Color Manager : 6:5 : Column "Cluster" has no nominal values set: execute predecessor or add Binner.
2024-09-29 22:08:41,194 : WARN  : KNIME-Worker-4-Normalizer 6:3 :  : Node : Color Manager : 6:5 : Column "Cluster" has no nominal values set: execute predecessor or add Binner.
2024-09-29 22:09:19,913 : WARN  : main :  : Node : Color Manager : 6:5 : Column "Cluster" has no nominal values set: execute predecessor or add Binner.
2024-09-29 22:09:21,074 : WARN  : main :  : Node : Color Manager : 6:5 : Column "Cluster" has no nominal values set: execute predecessor or add Binner.
2024-09-29 22:10:27,403 : WARN  : main :  : Node : Color Manager : 6:5 : Column "Cluster" has no nominal values set: execute predecessor or add Binner.
2024-09-29 22:10:28,929 : WARN  : main :  : Node : Color Manager : 6:5 : Column "Cluster" has no nominal values set: execute predecessor or add Binner.
2024-09-29 22:10:50,784 : WARN  : comm-pool-thread-10 :  : Node : Color Manager : 6:5 : Column "Cluster" has no nominal values set: execute predecessor or add Binner.
2024-09-29 22:10:52,265 : WARN  : KNIME-Worker-4-Normalizer 6:3 :  : Node : Color Manager : 6:5 : Column "Cluster" has no nominal values set: execute predecessor or add Binner.
2024-09-29 22:11:21,328 : WARN  : comm-pool-thread-10 :  : Node : Color Manager : 6:5 : Column "Cluster" has no nominal values set: execute predecessor or add Binner.
2024-09-29 22:11:22,884 : WARN  : KNIME-Worker-5-Normalizer 6:3 :  : Node : Color Manager : 6:5 : Column "Cluster" has no nominal values set: execute predecessor or add Binner.
2024-09-29 22:11:46,397 : WARN  : comm-pool-thread-10 :  : Node : Color Manager : 6:5 : Column "Cluster" has no nominal values set: execute predecessor or add Binner.
2024-09-29 22:11:48,064 : WARN  : KNIME-Worker-3-Normalizer 6:3 :  : Node : Color Manager : 6:5 : Column "Cluster" has no nominal values set: execute predecessor or add Binner.
2024-10-13 12:09:04,434 : ERROR : main :  : SaveProjectCopy :  :  : No destion was picked
2024-10-13 12:09:04,674 : ERROR : main :  : SaveProjectCopy :  :  : No valid destination could be picked
2024-10-13 12:13:33,323 : WARN  : ModalContext :  : Node : Excel Writer : 5:3 : Execute failed: Unsupported column type 'Set'. Please remove corresponding column(s) from the input table.
2024-10-13 12:13:46,313 : ERROR : KNIME-Worker-1-Excel Writer 5:3 :  : Node : Excel Writer : 5:3 : Execute failed: Unsupported column type 'Set'. Please remove corresponding column(s) from the input table.
java.lang.IllegalArgumentException: Unsupported column type 'Set'. Please remove corresponding column(s) from the input table.
	at org.knime.ext.poi3.node.io.filehandling.excel.writer.cell.ExcelCellWriterFactory.createCellWriter(ExcelCellWriterFactory.java:149)
	at org.knime.ext.poi3.node.io.filehandling.excel.writer.cellcoordinate.ExcelSheetWriter.<init>(ExcelSheetWriter.java:96)
	at org.knime.ext.poi3.node.io.filehandling.excel.writer.table.XlsxTableWriter.createSheetWriter(XlsxTableWriter.java:78)
	at org.knime.ext.poi3.node.io.filehandling.excel.writer.table.AbstractExcelTableWriter.writeTable(AbstractExcelTableWriter.java:99)
	at org.knime.ext.poi3.node.io.filehandling.excel.ExcelMultiRowInputWriter.writeTables(ExcelMultiRowInputWriter.java:138)
	at org.knime.ext.poi3.node.io.filehandling.excel.ExcelMultiRowInputWriter.writeTables(ExcelMultiRowInputWriter.java:103)
	at org.knime.ext.poi3.node.io.filehandling.excel.writer.ExcelTableWriterNodeModel.write(ExcelTableWriterNodeModel.java:192)
	at org.knime.ext.poi3.node.io.filehandling.excel.writer.ExcelTableWriterNodeModel.execute(ExcelTableWriterNodeModel.java:159)
	at org.knime.core.node.NodeModel.executeModel(NodeModel.java:588)
	at org.knime.core.node.Node.invokeFullyNodeModelExecute(Node.java:1286)
	at org.knime.core.node.Node.execute(Node.java:1049)
	at org.knime.core.node.workflow.NativeNodeContainer.performExecuteNode(NativeNodeContainer.java:594)
	at org.knime.core.node.exec.LocalNodeExecutionJob.mainExecute(LocalNodeExecutionJob.java:98)
	at org.knime.core.node.workflow.NodeExecutionJob.internalRun(NodeExecutionJob.java:198)
	at org.knime.core.node.workflow.NodeExecutionJob.run(NodeExecutionJob.java:117)
	at org.knime.core.util.ThreadUtils$RunnableWithContextImpl.runWithContext(ThreadUtils.java:367)
	at org.knime.core.util.ThreadUtils$RunnableWithContext.run(ThreadUtils.java:221)
	at java.base/java.util.concurrent.Executors$RunnableAdapter.call(Unknown Source)
	at java.base/java.util.concurrent.FutureTask.run(Unknown Source)
	at org.knime.core.util.ThreadPool$MyFuture.run(ThreadPool.java:123)
	at org.knime.core.util.ThreadPool$Worker.run(ThreadPool.java:246)
2024-10-13 12:13:49,291 : ERROR : KNIME-Worker-1-Excel Writer 5:3 :  : Node : Excel Writer : 5:3 : Execute failed: Unsupported column type 'Set'. Please remove corresponding column(s) from the input table.
java.lang.IllegalArgumentException: Unsupported column type 'Set'. Please remove corresponding column(s) from the input table.
	at org.knime.ext.poi3.node.io.filehandling.excel.writer.cell.ExcelCellWriterFactory.createCellWriter(ExcelCellWriterFactory.java:149)
	at org.knime.ext.poi3.node.io.filehandling.excel.writer.cellcoordinate.ExcelSheetWriter.<init>(ExcelSheetWriter.java:96)
	at org.knime.ext.poi3.node.io.filehandling.excel.writer.table.XlsxTableWriter.createSheetWriter(XlsxTableWriter.java:78)
	at org.knime.ext.poi3.node.io.filehandling.excel.writer.table.AbstractExcelTableWriter.writeTable(AbstractExcelTableWriter.java:99)
	at org.knime.ext.poi3.node.io.filehandling.excel.ExcelMultiRowInputWriter.writeTables(ExcelMultiRowInputWriter.java:138)
	at org.knime.ext.poi3.node.io.filehandling.excel.ExcelMultiRowInputWriter.writeTables(ExcelMultiRowInputWriter.java:103)
	at org.knime.ext.poi3.node.io.filehandling.excel.writer.ExcelTableWriterNodeModel.write(ExcelTableWriterNodeModel.java:192)
	at org.knime.ext.poi3.node.io.filehandling.excel.writer.ExcelTableWriterNodeModel.execute(ExcelTableWriterNodeModel.java:159)
	at org.knime.core.node.NodeModel.executeModel(NodeModel.java:588)
	at org.knime.core.node.Node.invokeFullyNodeModelExecute(Node.java:1286)
	at org.knime.core.node.Node.execute(Node.java:1049)
	at org.knime.core.node.workflow.NativeNodeContainer.performExecuteNode(NativeNodeContainer.java:594)
	at org.knime.core.node.exec.LocalNodeExecutionJob.mainExecute(LocalNodeExecutionJob.java:98)
	at org.knime.core.node.workflow.NodeExecutionJob.internalRun(NodeExecutionJob.java:198)
	at org.knime.core.node.workflow.NodeExecutionJob.run(NodeExecutionJob.java:117)
	at org.knime.core.util.ThreadUtils$RunnableWithContextImpl.runWithContext(ThreadUtils.java:367)
	at org.knime.core.util.ThreadUtils$RunnableWithContext.run(ThreadUtils.java:221)
	at java.base/java.util.concurrent.Executors$RunnableAdapter.call(Unknown Source)
	at java.base/java.util.concurrent.FutureTask.run(Unknown Source)
	at org.knime.core.util.ThreadPool$MyFuture.run(ThreadPool.java:123)
	at org.knime.core.util.ThreadPool$Worker.run(ThreadPool.java:246)
2024-10-13 12:14:05,463 : ERROR : KNIME-Worker-1-Excel Writer 5:3 :  : Node : Excel Writer : 5:3 : Execute failed: Unsupported column type 'Set'. Please remove corresponding column(s) from the input table.
java.lang.IllegalArgumentException: Unsupported column type 'Set'. Please remove corresponding column(s) from the input table.
	at org.knime.ext.poi3.node.io.filehandling.excel.writer.cell.ExcelCellWriterFactory.createCellWriter(ExcelCellWriterFactory.java:149)
	at org.knime.ext.poi3.node.io.filehandling.excel.writer.cellcoordinate.ExcelSheetWriter.<init>(ExcelSheetWriter.java:96)
	at org.knime.ext.poi3.node.io.filehandling.excel.writer.table.XlsxTableWriter.createSheetWriter(XlsxTableWriter.java:78)
	at org.knime.ext.poi3.node.io.filehandling.excel.writer.table.AbstractExcelTableWriter.writeTable(AbstractExcelTableWriter.java:99)
	at org.knime.ext.poi3.node.io.filehandling.excel.ExcelMultiRowInputWriter.writeTables(ExcelMultiRowInputWriter.java:138)
	at org.knime.ext.poi3.node.io.filehandling.excel.ExcelMultiRowInputWriter.writeTables(ExcelMultiRowInputWriter.java:103)
	at org.knime.ext.poi3.node.io.filehandling.excel.writer.ExcelTableWriterNodeModel.write(ExcelTableWriterNodeModel.java:192)
	at org.knime.ext.poi3.node.io.filehandling.excel.writer.ExcelTableWriterNodeModel.execute(ExcelTableWriterNodeModel.java:159)
	at org.knime.core.node.NodeModel.executeModel(NodeModel.java:588)
	at org.knime.core.node.Node.invokeFullyNodeModelExecute(Node.java:1286)
	at org.knime.core.node.Node.execute(Node.java:1049)
	at org.knime.core.node.workflow.NativeNodeContainer.performExecuteNode(NativeNodeContainer.java:594)
	at org.knime.core.node.exec.LocalNodeExecutionJob.mainExecute(LocalNodeExecutionJob.java:98)
	at org.knime.core.node.workflow.NodeExecutionJob.internalRun(NodeExecutionJob.java:198)
	at org.knime.core.node.workflow.NodeExecutionJob.run(NodeExecutionJob.java:117)
	at org.knime.core.util.ThreadUtils$RunnableWithContextImpl.runWithContext(ThreadUtils.java:367)
	at org.knime.core.util.ThreadUtils$RunnableWithContext.run(ThreadUtils.java:221)
	at java.base/java.util.concurrent.Executors$RunnableAdapter.call(Unknown Source)
	at java.base/java.util.concurrent.FutureTask.run(Unknown Source)
	at org.knime.core.util.ThreadPool$MyFuture.run(ThreadPool.java:123)
	at org.knime.core.util.ThreadPool$Worker.run(ThreadPool.java:246)
2024-10-13 12:15:07,840 : WARN  : comm-pool-thread-2 :  : Node : Excel Reader : 4:1 : Please specify a file
2024-10-13 12:16:08,095 : WARN  : main :  : Node : Excel Reader : 4:1 : The node configuration changed and the table spec will be recalculated during execution.
2024-10-13 12:16:09,487 : WARN  : main :  : Node : Excel Reader : 4:1 : The node configuration changed and the table spec will be recalculated during execution.
2024-10-13 12:16:14,792 : WARN  : KNIME-Worker-1-Excel Reader 4:1 :  : Node : Column Splitter : 4:2 : No settings available, passing all columns to top output port.
2024-10-13 12:16:14,795 : WARN  : KNIME-Worker-1-Excel Reader 4:1 :  : Node : Column Splitter : 4:2 : All columns in top partition.
2024-10-13 12:16:31,113 : WARN  : main :  : Node : Normalizer : 4:3 : No columns included - input stays unchanged.
2024-10-13 12:16:31,900 : WARN  : main :  : Node : Normalizer : 4:3 : No columns included - input stays unchanged.
2024-10-13 12:16:32,984 : WARN  : KNIME-Worker-1-Column Splitter 4:2 :  : Node : Normalizer : 4:3 : No columns included - input stays unchanged.
2024-10-13 12:20:31,140 : WARN  : main :  : Node : Hierarchical Clustering : 3:4 : Column 'Samsung' does not exist in input table
2024-10-13 12:20:33,013 : WARN  : main :  : Node : Hierarchical Clustering : 3:4 : Column 'Samsung' does not exist in input table
2024-10-13 12:20:36,636 : WARN  : KNIME-Worker-2-Excel Reader 3:1 :  : Node : Hierarchical Clustering : 3:4 : Column 'Samsung' does not exist in input table
2024-10-13 12:20:48,364 : WARN  : KNIME-Worker-2-Normalizer 3:3 :  : Node : Hierarchical Clustering : 3:4 : Column 'Samsung' does not exist in input table
2024-10-13 12:20:59,409 : WARN  : main :  : Node : Color Manager : 3:5 : Column "Cluster" has no nominal values set: execute predecessor or add Binner.
2024-10-13 12:21:00,475 : WARN  : main :  : Node : Color Manager : 3:5 : Column "Cluster" has no nominal values set: execute predecessor or add Binner.
2024-10-13 12:23:36,621 : ERROR : main :  : KnimeBrowserView :  :  : Uncaught TypeError: Cannot read properties of undefined (reading '__model') (source: http://org.knime.core.ui.view/uiext-view/org.knime.base.views.node.scatterplot.ScatterPlotNodeFactory/assets/index-DkTVnUD-.js; line: 8)
2024-10-13 12:24:29,638 : ERROR : main :  : KnimeBrowserView :  :  : Uncaught TypeError: Cannot read properties of undefined (reading '__model') (source: http://org.knime.core.ui.view/uiext-view/org.knime.base.views.node.scatterplot.ScatterPlotNodeFactory/assets/index-DkTVnUD-.js; line: 8)
2024-10-13 12:31:32,091 : ERROR : main :  : KnimeBrowserView :  :  : %cerror%c Could not set zoom level 
      background: #c0392b;
      border-radius: 0.5em;
      color: white;
      font-weight: bold;
      padding: 2px 0.5em;
      TypeError: t is not a function (source: http://org.knime.ui.java/assets/index-PyhZB-uQ.js; line: 64)
2024-10-13 12:31:32,236 : ERROR : main :  : KnimeBrowserView :  :  : Uncaught (in promise) TypeError: Cannot read properties of undefined (reading 'name') (source: http://org.knime.ui.java/assets/index-PyhZB-uQ.js; line: 23)
2024-10-13 12:31:32,240 : ERROR : main :  : KnimeBrowserView :  :  : %cerror%c Could not set zoom level 
      background: #c0392b;
      border-radius: 0.5em;
      color: white;
      font-weight: bold;
      padding: 2px 0.5em;
      TypeError: t is not a function (source: http://org.knime.ui.java/assets/index-PyhZB-uQ.js; line: 64)
2024-10-13 12:31:32,242 : ERROR : main :  : KnimeBrowserView :  :  : Uncaught (in promise) TypeError: Cannot read properties of undefined (reading 'name') (source: http://org.knime.ui.java/assets/index-PyhZB-uQ.js; line: 23)
2024-10-13 12:31:32,349 : ERROR : main :  : KnimeBrowserView :  :  : %cerror%c Could not set zoom level 
      background: #c0392b;
      border-radius: 0.5em;
      color: white;
      font-weight: bold;
      padding: 2px 0.5em;
      TypeError: t is not a function (source: http://org.knime.ui.java/assets/index-PyhZB-uQ.js; line: 64)
2024-10-13 12:31:32,360 : ERROR : main :  : KnimeBrowserView :  :  : Uncaught (in promise) TypeError: Cannot read properties of undefined (reading 'name') (source: http://org.knime.ui.java/assets/index-PyhZB-uQ.js; line: 23)
2024-10-13 12:31:32,397 : ERROR : main :  : KnimeBrowserView :  :  : %cerror%c Could not set zoom level 
      background: #c0392b;
      border-radius: 0.5em;
      color: white;
      font-weight: bold;
      padding: 2px 0.5em;
      TypeError: t is not a function (source: http://org.knime.ui.java/assets/index-PyhZB-uQ.js; line: 64)
2024-10-13 12:31:32,398 : ERROR : main :  : KnimeBrowserView :  :  : Uncaught (in promise) TypeError: Cannot read properties of undefined (reading 'name') (source: http://org.knime.ui.java/assets/index-PyhZB-uQ.js; line: 23)
2024-10-13 12:31:32,501 : ERROR : main :  : KnimeBrowserView :  :  : %cerror%c Could not set zoom level 
      background: #c0392b;
      border-radius: 0.5em;
      color: white;
      font-weight: bold;
      padding: 2px 0.5em;
      TypeError: t is not a function (source: http://org.knime.ui.java/assets/index-PyhZB-uQ.js; line: 64)
2024-10-13 12:31:32,503 : ERROR : main :  : KnimeBrowserView :  :  : Uncaught (in promise) TypeError: Cannot read properties of undefined (reading 'name') (source: http://org.knime.ui.java/assets/index-PyhZB-uQ.js; line: 23)
2024-10-13 12:31:32,552 : ERROR : main :  : KnimeBrowserView :  :  : %cerror%c Could not set zoom level 
      background: #c0392b;
      border-radius: 0.5em;
      color: white;
      font-weight: bold;
      padding: 2px 0.5em;
      TypeError: t is not a function (source: http://org.knime.ui.java/assets/index-PyhZB-uQ.js; line: 64)
2024-10-13 12:31:32,554 : ERROR : main :  : KnimeBrowserView :  :  : Uncaught (in promise) TypeError: Cannot read properties of undefined (reading 'name') (source: http://org.knime.ui.java/assets/index-PyhZB-uQ.js; line: 23)
